<!DOCTYPE html PUBLIC "-//W3C//DTD XHTML 1.1//EN" "https://www.w3.org/TR/xhtml11/DTD/xhtml11.dtd">
<html xmlns="https://www.w3.org/1999/xhtml">
<head>
<meta http-equiv="content-type" content="text/html; charset=UTF-8"/>
<title>TestNG Report</title>
<style type="text/css">table {margin-bottom:10px;border-collapse:collapse;empty-cells:show}th,td {border:1px solid #009;padding:.25em .5em}th {vertical-align:bottom}td {vertical-align:top}table a {font-weight:bold}.stripe td {background-color: #E6EBF9}.num {text-align:right}.passedodd td {background-color: #3F3}.passedeven td {background-color: #0A0}.skippedodd td {background-color: #DDD}.skippedeven td {background-color: #CCC}.failedodd td,.attn {background-color: #F33}.failedeven td,.stripe .attn {background-color: #D00}.stacktrace {white-space:pre;font-family:monospace}.totop {font-size:85%;text-align:center;border-bottom:2px solid #000}.invisible {display:none}</style>
</head>
<body>
<table>
<tr><th>Test</th><th># Passed</th><th># Skipped</th><th># Retried</th><th># Failed</th><th>Time (ms)</th><th>Included Groups</th><th>Excluded Groups</th></tr>
<tr><th colspan="8">Surefire suite</th></tr>
<tr><td><a href="#t0">Surefire test</a></td><td class="num">33</td><td class="num attn">1</td><td class="num">0</td><td class="num attn">1</td><td class="num">76,456</td><td></td><td></td></tr>
</table>
<table id='summary'><thead><tr><th>Class</th><th>Method</th><th>Start</th><th>Time (ms)</th></tr></thead><tbody><tr><th colspan="4">Surefire suite</th></tr></tbody><tbody id="t0"><tr><th colspan="4">Surefire test &#8212; failed (configuration methods)</th></tr><tr class="failedeven"><td rowspan="1">tests.RegistrationFormTest</td><td><a href="#m0">close</a></td><td rowspan="1">1693962284379</td><td rowspan="1">0</td></tr><tr><th colspan="4">Surefire test &#8212; failed</th></tr><tr class="failedeven"><td rowspan="1">tests.RegistrationFormTest</td><td><a href="#m1">registrationFormTest</a></td><td rowspan="1">1693962231126</td><td rowspan="1">48437</td></tr><tr><th colspan="4">Surefire test &#8212; skipped (configuration methods)</th></tr><tr class="skippedeven"><td rowspan="2">tests.TestNG_Annotations</td><td><a href="#m2">afterTest</a></td><td rowspan="1">1693962284381</td><td rowspan="1">0</td></tr><tr class="skippedeven"><td><a href="#m3">aftereSuite</a></td><td rowspan="1">1693962284423</td><td rowspan="1">0</td></tr><tr class="skippedodd"><td rowspan="3">tests.TestNG_Features</td><td><a href="#m4">afterSuite</a></td><td rowspan="1">1693962284424</td><td rowspan="1">0</td></tr><tr class="skippedodd"><td><a href="#m5">afterTest</a></td><td rowspan="1">1693962284382</td><td rowspan="1">0</td></tr><tr class="skippedodd"><td><a href="#m6">gracefulTearDown</a></td><td rowspan="1">1693962284382</td><td rowspan="1">0</td></tr><tr class="skippedeven"><td rowspan="3">tests.TestNG_GroupingAndDependency</td><td><a href="#m7">afterSuite</a></td><td rowspan="1">1693962284424</td><td rowspan="1">0</td></tr><tr class="skippedeven"><td><a href="#m8">afterTest</a></td><td rowspan="1">1693962284382</td><td rowspan="1">0</td></tr><tr class="skippedeven"><td><a href="#m9">gracefulTearDown</a></td><td rowspan="1">1693962284383</td><td rowspan="1">0</td></tr><tr><th colspan="4">Surefire test &#8212; skipped</th></tr><tr class="skippedeven"><td rowspan="1">tests.TestNG_Features</td><td><a href="#m10">testCaseSkipException</a></td><td rowspan="1">1693962283872</td><td rowspan="1">2</td></tr><tr><th colspan="4">Surefire test &#8212; passed</th></tr><tr class="passedeven"><td rowspan="8">tests.DataProviderTest</td><td><a href="#m11">loginToWebPage</a></td><td rowspan="4">1693962229606</td><td rowspan="4">6</td></tr><tr class="passedeven"><td><a href="#m12">loginToWebPage</a></td></tr><tr class="passedeven"><td><a href="#m13">loginToWebPage</a></td></tr><tr class="passedeven"><td><a href="#m14">loginToWebPage</a></td></tr><tr class="passedeven"><td><a href="#m15">test1</a></td><td rowspan="4">1693962283843</td><td rowspan="4">1</td></tr><tr class="passedeven"><td><a href="#m16">test1</a></td></tr><tr class="passedeven"><td><a href="#m17">test1</a></td></tr><tr class="passedeven"><td><a href="#m18">test1</a></td></tr><tr class="passedodd"><td rowspan="1">tests.LoginTest</td><td><a href="#m19">loginTestPage</a></td><td rowspan="1">1693962225860</td><td rowspan="1">3737</td></tr><tr class="passedeven"><td rowspan="1">tests.RegistrationFormTest</td><td><a href="#m20">registrationFormTest</a></td><td rowspan="1">1693962279571</td><td rowspan="1">4242</td></tr><tr class="passedodd"><td rowspan="4">tests.TestNG_Annotations</td><td><a href="#m21">regressionTest1</a></td><td rowspan="1">1693962283815</td><td rowspan="1">1</td></tr><tr class="passedodd"><td><a href="#m22">regressionTest2</a></td><td rowspan="1">1693962283817</td><td rowspan="1">0</td></tr><tr class="passedodd"><td><a href="#m23">smokeTest1</a></td><td rowspan="1">1693962283825</td><td rowspan="1">1</td></tr><tr class="passedodd"><td><a href="#m24">smokeTest2</a></td><td rowspan="1">1693962283829</td><td rowspan="1">0</td></tr><tr class="passedeven"><td rowspan="9">tests.TestNG_Features</td><td><a href="#m25">alwaysRun</a></td><td rowspan="1">1693962283878</td><td rowspan="1">1</td></tr><tr class="passedeven"><td><a href="#m26">description</a></td><td rowspan="1">1693962225766</td><td rowspan="1">1</td></tr><tr class="passedeven"><td><a href="#m27">dividedByZeroExample1</a></td><td rowspan="1">1693962225777</td><td rowspan="1">1</td></tr><tr class="passedeven"><td><a href="#m28">executetimeOut</a></td><td rowspan="1">1693962225783</td><td rowspan="1">73</td></tr><tr class="passedeven"><td><a href="#m29">integration</a></td><td rowspan="1">1693962283887</td><td rowspan="1">3</td></tr><tr class="passedeven"><td><a href="#m30">runTestMultipleTimes</a></td><td rowspan="2">1693962225724</td><td rowspan="2">4</td></tr><tr class="passedeven"><td><a href="#m31">runTestMultipleTimes</a></td></tr><tr class="passedeven"><td><a href="#m32">smoke</a></td><td rowspan="1">1693962283883</td><td rowspan="1">1</td></tr><tr class="passedeven"><td><a href="#m33">test</a></td><td rowspan="1">1693962283831</td><td rowspan="1">1</td></tr><tr class="passedodd"><td rowspan="10">tests.TestNG_GroupingAndDependency</td><td><a href="#m34">alwaysRun</a></td><td rowspan="1">1693962225744</td><td rowspan="1">3</td></tr><tr class="passedodd"><td><a href="#m35">dependsOnMethods</a></td><td rowspan="1">1693962225763</td><td rowspan="1">0</td></tr><tr class="passedodd"><td><a href="#m36">description</a></td><td rowspan="1">1693962225770</td><td rowspan="1">1</td></tr><tr class="passedodd"><td><a href="#m37">runTestMultipleTimes</a></td><td rowspan="2">1693962283820</td><td rowspan="2">1</td></tr><tr class="passedodd"><td><a href="#m38">runTestMultipleTimes</a></td></tr><tr class="passedodd"><td><a href="#m39">test</a></td><td rowspan="1">1693962283833</td><td rowspan="1">2</td></tr><tr class="passedodd"><td><a href="#m40">test1</a></td><td rowspan="1">1693962283846</td><td rowspan="1">1</td></tr><tr class="passedodd"><td><a href="#m41">test2</a></td><td rowspan="1">1693962283852</td><td rowspan="1">1</td></tr><tr class="passedodd"><td><a href="#m42">test4</a></td><td rowspan="1">1693962283861</td><td rowspan="1">1</td></tr><tr class="passedodd"><td><a href="#m43">test5</a></td><td rowspan="1">1693962283868</td><td rowspan="1">1</td></tr></tbody>
</table>
<h2>Surefire test</h2><h3 id="m0">tests.RegistrationFormTest#close</h3><table class="result"><tr><th>Exception</th></tr><tr><td><div class="stacktrace">org.openqa.selenium.NoSuchSessionException: Session ID is null. Using WebDriver after calling quit()?
Build info: version: &apos;4.8.1&apos;, revision: &apos;8ebccac989&apos;
System info: os.name: &apos;Windows 10&apos;, os.arch: &apos;amd64&apos;, os.version: &apos;10.0&apos;, java.version: &apos;20.0.2&apos;
Driver info: org.openqa.selenium.chrome.ChromeDriver
Command: [null, close {}]
Capabilities {acceptInsecureCerts: false, browserName: chrome, browserVersion: 116.0.5845.141, chrome: {chromedriverVersion: 116.0.5845.96 (1a3918166880..., userDataDir: C:\Users\T540p\AppData\Loca...}, fedcm:accounts: true, goog:chromeOptions: {debuggerAddress: localhost:62327}, networkConnectionEnabled: false, pageLoadStrategy: normal, platformName: WINDOWS, proxy: Proxy(), se:cdp: ws://localhost:62327/devtoo..., se:cdpVersion: 116.0.5845.141, setWindowRect: true, strictFileInteractability: false, timeouts: {implicit: 0, pageLoad: 300000, script: 30000}, unhandledPromptBehavior: dismiss and notify, webauthn:extension:credBlob: true, webauthn:extension:largeBlob: true, webauthn:extension:minPinLength: true, webauthn:extension:prf: true, webauthn:virtualAuthenticators: true}
	at org.openqa.selenium.remote.HttpCommandExecutor.execute(HttpCommandExecutor.java:145)
	at org.openqa.selenium.remote.service.DriverCommandExecutor.invokeExecute(DriverCommandExecutor.java:167)
	at org.openqa.selenium.remote.service.DriverCommandExecutor.execute(DriverCommandExecutor.java:142)
	at org.openqa.selenium.remote.RemoteWebDriver.execute(RemoteWebDriver.java:541)
	at org.openqa.selenium.remote.RemoteWebDriver.execute(RemoteWebDriver.java:596)
	at org.openqa.selenium.remote.RemoteWebDriver.execute(RemoteWebDriver.java:600)
	at org.openqa.selenium.remote.RemoteWebDriver.close(RemoteWebDriver.java:432)
	at core.BaseClass.tearDown(BaseClass.java:112)
	at tests.RegistrationFormTest.close(RegistrationFormTest.java:54)
... Removed 27 stack frames</div></td></tr></table><p class="totop"><a href="#summary">back to summary</a></p>
<h3 id="m1">tests.RegistrationFormTest#registrationFormTest</h3><table class="result"><tr class="param"><th>Parameter #1</th><th>Parameter #2</th><th>Parameter #3</th><th>Parameter #4</th><th>Parameter #5</th><th>Parameter #6</th></tr><tr class="param stripe"><td>sayedw</td><td>sadatw</td><td>sayewd@gmail.com</td><td>11111.0</td><td>1123test</td><td>1123test</td></tr><tr><th colspan="6">Exception</th></tr><tr><td colspan="6"><div class="stacktrace">org.openqa.selenium.NoSuchElementException: no such element: Unable to locate element: {&quot;method&quot;:&quot;css selector&quot;,&quot;selector&quot;:&quot;#input\-firstname&quot;}
  (Session info: chrome=116.0.5845.141)
For documentation on this error, please visit: https://selenium.dev/exceptions/#no_such_element
Build info: version: &apos;4.8.1&apos;, revision: &apos;8ebccac989&apos;
System info: os.name: &apos;Windows 10&apos;, os.arch: &apos;amd64&apos;, os.version: &apos;10.0&apos;, java.version: &apos;20.0.2&apos;
Driver info: org.openqa.selenium.chrome.ChromeDriver
Command: [c75ac1be3f429746b433ee08a969ad5d, findElement {using=id, value=input-firstname}]
Capabilities {acceptInsecureCerts: false, browserName: chrome, browserVersion: 116.0.5845.141, chrome: {chromedriverVersion: 116.0.5845.96 (1a3918166880..., userDataDir: C:\Users\T540p\AppData\Loca...}, fedcm:accounts: true, goog:chromeOptions: {debuggerAddress: localhost:62327}, networkConnectionEnabled: false, pageLoadStrategy: normal, platformName: WINDOWS, proxy: Proxy(), se:cdp: ws://localhost:62327/devtoo..., se:cdpVersion: 116.0.5845.141, setWindowRect: true, strictFileInteractability: false, timeouts: {implicit: 0, pageLoad: 300000, script: 30000}, unhandledPromptBehavior: dismiss and notify, webauthn:extension:credBlob: true, webauthn:extension:largeBlob: true, webauthn:extension:minPinLength: true, webauthn:extension:prf: true, webauthn:virtualAuthenticators: true}
Session ID: c75ac1be3f429746b433ee08a969ad5d
	at org.openqa.selenium.remote.codec.w3c.W3CHttpResponseCodec.createException(W3CHttpResponseCodec.java:200)
	at org.openqa.selenium.remote.codec.w3c.W3CHttpResponseCodec.decode(W3CHttpResponseCodec.java:133)
	at org.openqa.selenium.remote.codec.w3c.W3CHttpResponseCodec.decode(W3CHttpResponseCodec.java:53)
	at org.openqa.selenium.remote.HttpCommandExecutor.execute(HttpCommandExecutor.java:184)
	at org.openqa.selenium.remote.service.DriverCommandExecutor.invokeExecute(DriverCommandExecutor.java:167)
	at org.openqa.selenium.remote.service.DriverCommandExecutor.execute(DriverCommandExecutor.java:142)
	at org.openqa.selenium.remote.RemoteWebDriver.execute(RemoteWebDriver.java:541)
	at org.openqa.selenium.remote.ElementLocation$ElementFinder$2.findElement(ElementLocation.java:162)
	at org.openqa.selenium.remote.ElementLocation.findElement(ElementLocation.java:66)
	at org.openqa.selenium.remote.RemoteWebDriver.findElement(RemoteWebDriver.java:365)
	at org.openqa.selenium.remote.RemoteWebDriver.findElement(RemoteWebDriver.java:357)
	at org.openqa.selenium.support.pagefactory.DefaultElementLocator.findElement(DefaultElementLocator.java:70)
	at org.openqa.selenium.support.pagefactory.internal.LocatingElementHandler.invoke(LocatingElementHandler.java:39)
	at jdk.proxy2/jdk.proxy2.$Proxy27.sendKeys(Unknown Source)
	at pageObjects.RegistrationFormPageObjects.enterFirstName(RegistrationFormPageObjects.java:70)
	at tests.RegistrationFormTest.registrationFormTest(RegistrationFormTest.java:32)
	at java.base/java.util.ArrayList.forEach(ArrayList.java:1511)
... Removed 33 stack frames</div></td></tr></table><p class="totop"><a href="#summary">back to summary</a></p>
<h3 id="m2">tests.TestNG_Annotations#afterTest</h3><table class="result"><tr><th class="invisible"/></tr></table><p class="totop"><a href="#summary">back to summary</a></p>
<h3 id="m3">tests.TestNG_Annotations#aftereSuite</h3><table class="result"><tr><th class="invisible"/></tr></table><p class="totop"><a href="#summary">back to summary</a></p>
<h3 id="m4">tests.TestNG_Features#afterSuite</h3><table class="result"><tr><th class="invisible"/></tr></table><p class="totop"><a href="#summary">back to summary</a></p>
<h3 id="m5">tests.TestNG_Features#afterTest</h3><table class="result"><tr><th class="invisible"/></tr></table><p class="totop"><a href="#summary">back to summary</a></p>
<h3 id="m6">tests.TestNG_Features#gracefulTearDown</h3><table class="result"><tr><th class="invisible"/></tr></table><p class="totop"><a href="#summary">back to summary</a></p>
<h3 id="m7">tests.TestNG_GroupingAndDependency#afterSuite</h3><table class="result"><tr><th class="invisible"/></tr></table><p class="totop"><a href="#summary">back to summary</a></p>
<h3 id="m8">tests.TestNG_GroupingAndDependency#afterTest</h3><table class="result"><tr><th class="invisible"/></tr></table><p class="totop"><a href="#summary">back to summary</a></p>
<h3 id="m9">tests.TestNG_GroupingAndDependency#gracefulTearDown</h3><table class="result"><tr><th class="invisible"/></tr></table><p class="totop"><a href="#summary">back to summary</a></p>
<h3 id="m10">tests.TestNG_Features#testCaseSkipException</h3><table class="result"><tr><th>Exception</th></tr><tr><td><div class="stacktrace">org.testng.SkipException: Skipping this exception
	at tests.TestNG_Features.testCaseSkipException(TestNG_Features.java:119)
	at java.base/java.util.ArrayList.forEach(ArrayList.java:1511)
... Removed 30 stack frames</div></td></tr></table><p class="totop"><a href="#summary">back to summary</a></p>
<h3 id="m11">tests.DataProviderTest#loginToWebPage</h3><table class="result"><tr class="param"><th>Parameter #1</th><th>Parameter #2</th></tr><tr class="param stripe"><td>user1</td><td>null</td></tr></table><p class="totop"><a href="#summary">back to summary</a></p>
<h3 id="m12">tests.DataProviderTest#loginToWebPage</h3><table class="result"><tr class="param"><th>Parameter #1</th><th>Parameter #2</th></tr><tr class="param stripe"><td>user2</td><td>pass2</td></tr></table><p class="totop"><a href="#summary">back to summary</a></p>
<h3 id="m13">tests.DataProviderTest#loginToWebPage</h3><table class="result"><tr class="param"><th>Parameter #1</th><th>Parameter #2</th></tr><tr class="param stripe"><td>user4</td><td>pass4</td></tr></table><p class="totop"><a href="#summary">back to summary</a></p>
<h3 id="m14">tests.DataProviderTest#loginToWebPage</h3><table class="result"><tr class="param"><th>Parameter #1</th><th>Parameter #2</th></tr><tr class="param stripe"><td>user3</td><td>pass3</td></tr></table><p class="totop"><a href="#summary">back to summary</a></p>
<h3 id="m15">tests.DataProviderTest#test1</h3><table class="result"><tr class="param"><th>Parameter #1</th><th>Parameter #2</th><th>Parameter #3</th></tr><tr class="param stripe"><td>username3</td><td>password3</td><td>test3</td></tr></table><p class="totop"><a href="#summary">back to summary</a></p>
<h3 id="m16">tests.DataProviderTest#test1</h3><table class="result"><tr class="param"><th>Parameter #1</th><th>Parameter #2</th><th>Parameter #3</th></tr><tr class="param stripe"><td>username1</td><td>password1</td><td>test1</td></tr></table><p class="totop"><a href="#summary">back to summary</a></p>
<h3 id="m17">tests.DataProviderTest#test1</h3><table class="result"><tr class="param"><th>Parameter #1</th><th>Parameter #2</th><th>Parameter #3</th></tr><tr class="param stripe"><td>username</td><td>password</td><td>test</td></tr></table><p class="totop"><a href="#summary">back to summary</a></p>
<h3 id="m18">tests.DataProviderTest#test1</h3><table class="result"><tr class="param"><th>Parameter #1</th><th>Parameter #2</th><th>Parameter #3</th></tr><tr class="param stripe"><td>username2</td><td>password2</td><td>test2</td></tr></table><p class="totop"><a href="#summary">back to summary</a></p>
<h3 id="m19">tests.LoginTest#loginTestPage</h3><table class="result"><tr><th class="invisible"/></tr></table><p class="totop"><a href="#summary">back to summary</a></p>
<h3 id="m20">tests.RegistrationFormTest#registrationFormTest</h3><table class="result"><tr class="param"><th>Parameter #1</th><th>Parameter #2</th><th>Parameter #3</th><th>Parameter #4</th><th>Parameter #5</th><th>Parameter #6</th></tr><tr class="param stripe"><td>tomy</td><td>tom</td><td>tom@gmail.com</td><td>44444.0</td><td>test44</td><td>test44</td></tr></table><p class="totop"><a href="#summary">back to summary</a></p>
<h3 id="m21">tests.TestNG_Annotations#regressionTest1</h3><table class="result"><tr><th class="invisible"/></tr></table><p class="totop"><a href="#summary">back to summary</a></p>
<h3 id="m22">tests.TestNG_Annotations#regressionTest2</h3><table class="result"><tr><th class="invisible"/></tr></table><p class="totop"><a href="#summary">back to summary</a></p>
<h3 id="m23">tests.TestNG_Annotations#smokeTest1</h3><table class="result"><tr><th class="invisible"/></tr></table><p class="totop"><a href="#summary">back to summary</a></p>
<h3 id="m24">tests.TestNG_Annotations#smokeTest2</h3><table class="result"><tr><th class="invisible"/></tr></table><p class="totop"><a href="#summary">back to summary</a></p>
<h3 id="m25">tests.TestNG_Features#alwaysRun</h3><table class="result"><tr><th class="invisible"/></tr></table><p class="totop"><a href="#summary">back to summary</a></p>
<h3 id="m26">tests.TestNG_Features#description</h3><table class="result"><tr><th class="invisible"/></tr></table><p class="totop"><a href="#summary">back to summary</a></p>
<h3 id="m27">tests.TestNG_Features#dividedByZeroExample1</h3><table class="result"><tr><th>Expected Exception</th></tr><tr><td><div class="stacktrace">java.lang.ArithmeticException: / by zero
	at tests.TestNG_Features.dividedByZeroExample1(TestNG_Features.java:114)
	at java.base/java.util.ArrayList.forEach(ArrayList.java:1511)
... Removed 30 stack frames</div></td></tr></table><p class="totop"><a href="#summary">back to summary</a></p>
<h3 id="m28">tests.TestNG_Features#executetimeOut</h3><table class="result"><tr><th class="invisible"/></tr></table><p class="totop"><a href="#summary">back to summary</a></p>
<h3 id="m29">tests.TestNG_Features#integration</h3><table class="result"><tr><th class="invisible"/></tr></table><p class="totop"><a href="#summary">back to summary</a></p>
<h3 id="m30">tests.TestNG_Features#runTestMultipleTimes</h3><table class="result"><tr><th class="invisible"/></tr></table><p class="totop"><a href="#summary">back to summary</a></p>
<h3 id="m31">tests.TestNG_Features#runTestMultipleTimes</h3><table class="result"><tr><th class="invisible"/></tr></table><p class="totop"><a href="#summary">back to summary</a></p>
<h3 id="m32">tests.TestNG_Features#smoke</h3><table class="result"><tr><th class="invisible"/></tr></table><p class="totop"><a href="#summary">back to summary</a></p>
<h3 id="m33">tests.TestNG_Features#test</h3><table class="result"><tr><th class="invisible"/></tr></table><p class="totop"><a href="#summary">back to summary</a></p>
<h3 id="m34">tests.TestNG_GroupingAndDependency#alwaysRun</h3><table class="result"><tr><th class="invisible"/></tr></table><p class="totop"><a href="#summary">back to summary</a></p>
<h3 id="m35">tests.TestNG_GroupingAndDependency#dependsOnMethods</h3><table class="result"><tr><th class="invisible"/></tr></table><p class="totop"><a href="#summary">back to summary</a></p>
<h3 id="m36">tests.TestNG_GroupingAndDependency#description</h3><table class="result"><tr><th class="invisible"/></tr></table><p class="totop"><a href="#summary">back to summary</a></p>
<h3 id="m37">tests.TestNG_GroupingAndDependency#runTestMultipleTimes</h3><table class="result"><tr><th class="invisible"/></tr></table><p class="totop"><a href="#summary">back to summary</a></p>
<h3 id="m38">tests.TestNG_GroupingAndDependency#runTestMultipleTimes</h3><table class="result"><tr><th class="invisible"/></tr></table><p class="totop"><a href="#summary">back to summary</a></p>
<h3 id="m39">tests.TestNG_GroupingAndDependency#test</h3><table class="result"><tr><th class="invisible"/></tr></table><p class="totop"><a href="#summary">back to summary</a></p>
<h3 id="m40">tests.TestNG_GroupingAndDependency#test1</h3><table class="result"><tr><th class="invisible"/></tr></table><p class="totop"><a href="#summary">back to summary</a></p>
<h3 id="m41">tests.TestNG_GroupingAndDependency#test2</h3><table class="result"><tr><th class="invisible"/></tr></table><p class="totop"><a href="#summary">back to summary</a></p>
<h3 id="m42">tests.TestNG_GroupingAndDependency#test4</h3><table class="result"><tr><th class="invisible"/></tr></table><p class="totop"><a href="#summary">back to summary</a></p>
<h3 id="m43">tests.TestNG_GroupingAndDependency#test5</h3><table class="result"><tr><th class="invisible"/></tr></table><p class="totop"><a href="#summary">back to summary</a></p>
</body>
</html>
