<?xml version="1.0" encoding="UTF-8"?>
<testng-results ignored="0" total="35" passed="33" failed="1" skipped="1">
  <reporter-output>
  </reporter-output>
  <suite started-at="2023-09-05T18:03:27 PDT" name="Surefire suite" finished-at="2023-09-05T18:04:44 PDT" duration-ms="76456">
    <groups>
      <group name="regression">
        <method signature="TestNG_GroupingAndDependency.test4()[pri:0, instance:tests.TestNG_GroupingAndDependency@2b0f373b]" name="test4" class="tests.TestNG_GroupingAndDependency"/>
      </group> <!-- regression -->
      <group name="smoke">
        <method signature="TestNG_GroupingAndDependency.test1()[pri:0, instance:tests.TestNG_GroupingAndDependency@2b0f373b]" name="test1" class="tests.TestNG_GroupingAndDependency"/>
        <method signature="TestNG_GroupingAndDependency.test2()[pri:0, instance:tests.TestNG_GroupingAndDependency@2b0f373b]" name="test2" class="tests.TestNG_GroupingAndDependency"/>
      </group> <!-- smoke -->
    </groups>
    <test started-at="2023-09-05T18:03:27 PDT" name="Surefire test" finished-at="2023-09-05T18:04:44 PDT" duration-ms="76456">
      <class name="tests.LoginTest">
        <test-method is-config="true" signature="user_is_on_test_environment_page()[pri:0, instance:tests.LoginTest@1d470d0]" started-at="2023-09-05T18:03:31 PDT" name="user_is_on_test_environment_page" finished-at="2023-09-05T18:03:39 PDT" duration-ms="8331" status="PASS">
          <reporter-output>
          </reporter-output>
        </test-method> <!-- user_is_on_test_environment_page -->
        <test-method signature="loginTestPage()[pri:0, instance:tests.LoginTest@1d470d0]" started-at="2023-09-05T18:03:45 PDT" name="loginTestPage" finished-at="2023-09-05T18:03:49 PDT" duration-ms="3737" status="PASS">
          <reporter-output>
          </reporter-output>
        </test-method> <!-- loginTestPage -->
        <test-method is-config="true" signature="gracefulTearDown()[pri:0, instance:tests.LoginTest@1d470d0]" started-at="2023-09-05T18:04:44 PDT" name="gracefulTearDown" finished-at="2023-09-05T18:04:44 PDT" duration-ms="333" status="PASS">
          <reporter-output>
          </reporter-output>
        </test-method> <!-- gracefulTearDown -->
      </class> <!-- tests.LoginTest -->
      <class name="tests.TestNG_Annotations">
        <test-method is-config="true" signature="beforeSuite()[pri:0, instance:tests.TestNG_Annotations@6ff65192]" started-at="2023-09-05T18:03:27 PDT" name="beforeSuite" finished-at="2023-09-05T18:03:27 PDT" duration-ms="19" status="PASS">
          <reporter-output>
          </reporter-output>
        </test-method> <!-- beforeSuite -->
        <test-method is-config="true" signature="beforTest()[pri:0, instance:tests.TestNG_Annotations@6ff65192]" started-at="2023-09-05T18:03:45 PDT" name="beforTest" finished-at="2023-09-05T18:03:45 PDT" duration-ms="1" status="PASS">
          <reporter-output>
          </reporter-output>
        </test-method> <!-- beforTest -->
        <test-method is-config="true" signature="beforeClass()[pri:0, instance:tests.TestNG_Annotations@6ff65192]" started-at="2023-09-05T18:04:43 PDT" name="beforeClass" finished-at="2023-09-05T18:04:43 PDT" duration-ms="0" status="PASS">
          <reporter-output>
          </reporter-output>
        </test-method> <!-- beforeClass -->
        <test-method signature="regressionTest1()[pri:0, instance:tests.TestNG_Annotations@6ff65192]" started-at="2023-09-05T18:04:43 PDT" name="regressionTest1" finished-at="2023-09-05T18:04:43 PDT" duration-ms="1" status="PASS">
          <reporter-output>
          </reporter-output>
        </test-method> <!-- regressionTest1 -->
        <test-method signature="regressionTest2()[pri:0, instance:tests.TestNG_Annotations@6ff65192]" started-at="2023-09-05T18:04:43 PDT" name="regressionTest2" finished-at="2023-09-05T18:04:43 PDT" duration-ms="0" status="PASS">
          <reporter-output>
          </reporter-output>
        </test-method> <!-- regressionTest2 -->
        <test-method signature="smokeTest1()[pri:0, instance:tests.TestNG_Annotations@6ff65192]" started-at="2023-09-05T18:04:43 PDT" name="smokeTest1" finished-at="2023-09-05T18:04:43 PDT" duration-ms="1" status="PASS">
          <reporter-output>
          </reporter-output>
        </test-method> <!-- smokeTest1 -->
        <test-method signature="smokeTest2()[pri:0, instance:tests.TestNG_Annotations@6ff65192]" started-at="2023-09-05T18:04:43 PDT" name="smokeTest2" finished-at="2023-09-05T18:04:43 PDT" duration-ms="0" status="PASS">
          <reporter-output>
          </reporter-output>
        </test-method> <!-- smokeTest2 -->
        <test-method is-config="true" signature="afterClass()[pri:0, instance:tests.TestNG_Annotations@6ff65192]" started-at="2023-09-05T18:04:43 PDT" name="afterClass" finished-at="2023-09-05T18:04:43 PDT" duration-ms="0" status="PASS">
          <reporter-output>
          </reporter-output>
        </test-method> <!-- afterClass -->
        <test-method is-config="true" signature="afterTest()[pri:0, instance:tests.TestNG_Annotations@6ff65192]" started-at="2023-09-05T18:04:44 PDT" name="afterTest" finished-at="2023-09-05T18:04:44 PDT" duration-ms="0" status="SKIP">
          <reporter-output>
          </reporter-output>
        </test-method> <!-- afterTest -->
        <test-method is-config="true" signature="aftereSuite()[pri:0, instance:tests.TestNG_Annotations@6ff65192]" started-at="2023-09-05T18:04:44 PDT" name="aftereSuite" finished-at="2023-09-05T18:04:44 PDT" duration-ms="0" status="SKIP">
          <reporter-output>
          </reporter-output>
        </test-method> <!-- aftereSuite -->
      </class> <!-- tests.TestNG_Annotations -->
      <class name="tests.TestNG_GroupingAndDependency">
        <test-method is-config="true" signature="beforeSuite()[pri:0, instance:tests.TestNG_GroupingAndDependency@2b0f373b]" started-at="2023-09-05T18:03:27 PDT" name="beforeSuite" finished-at="2023-09-05T18:03:27 PDT" duration-ms="0" status="PASS">
          <reporter-output>
          </reporter-output>
        </test-method> <!-- beforeSuite -->
        <test-method is-config="true" signature="beforTest()[pri:0, instance:tests.TestNG_GroupingAndDependency@2b0f373b]" started-at="2023-09-05T18:03:45 PDT" name="beforTest" finished-at="2023-09-05T18:03:45 PDT" duration-ms="0" status="PASS">
          <reporter-output>
          </reporter-output>
        </test-method> <!-- beforTest -->
        <test-method is-config="true" signature="beforeClass()[pri:0, instance:tests.TestNG_GroupingAndDependency@2b0f373b]" started-at="2023-09-05T18:03:45 PDT" name="beforeClass" finished-at="2023-09-05T18:03:45 PDT" duration-ms="3" status="PASS">
          <reporter-output>
          </reporter-output>
        </test-method> <!-- beforeClass -->
        <test-method is-config="true" signature="beforeMethod()[pri:0, instance:tests.TestNG_GroupingAndDependency@2b0f373b]" started-at="2023-09-05T18:03:45 PDT" name="beforeMethod" finished-at="2023-09-05T18:03:45 PDT" duration-ms="1" status="PASS">
          <reporter-output>
          </reporter-output>
        </test-method> <!-- beforeMethod -->
        <test-method signature="alwaysRun()[pri:0, instance:tests.TestNG_GroupingAndDependency@2b0f373b]" started-at="2023-09-05T18:03:45 PDT" name="alwaysRun" finished-at="2023-09-05T18:03:45 PDT" duration-ms="3" status="PASS">
          <reporter-output>
          </reporter-output>
        </test-method> <!-- alwaysRun -->
        <test-method is-config="true" signature="afterMethod()[pri:0, instance:tests.TestNG_GroupingAndDependency@2b0f373b]" started-at="2023-09-05T18:03:45 PDT" name="afterMethod" finished-at="2023-09-05T18:03:45 PDT" duration-ms="0" status="PASS">
          <reporter-output>
          </reporter-output>
        </test-method> <!-- afterMethod -->
        <test-method is-config="true" signature="beforeMethod()[pri:0, instance:tests.TestNG_GroupingAndDependency@2b0f373b]" started-at="2023-09-05T18:03:45 PDT" name="beforeMethod" finished-at="2023-09-05T18:03:45 PDT" duration-ms="0" status="PASS">
          <reporter-output>
          </reporter-output>
        </test-method> <!-- beforeMethod -->
        <test-method signature="dependsOnMethods()[pri:0, instance:tests.TestNG_GroupingAndDependency@2b0f373b]" started-at="2023-09-05T18:03:45 PDT" name="dependsOnMethods" finished-at="2023-09-05T18:03:45 PDT" depends-on-methods="tests.TestNG_GroupingAndDependency.alwaysRun" duration-ms="0" status="PASS">
          <reporter-output>
          </reporter-output>
        </test-method> <!-- dependsOnMethods -->
        <test-method is-config="true" signature="afterMethod()[pri:0, instance:tests.TestNG_GroupingAndDependency@2b0f373b]" started-at="2023-09-05T18:03:45 PDT" name="afterMethod" finished-at="2023-09-05T18:03:45 PDT" duration-ms="1" status="PASS">
          <reporter-output>
          </reporter-output>
        </test-method> <!-- afterMethod -->
        <test-method signature="description()[pri:0, instance:tests.TestNG_GroupingAndDependency@2b0f373b]" started-at="2023-09-05T18:03:45 PDT" name="description" description="it is not ready yet" finished-at="2023-09-05T18:03:45 PDT" duration-ms="1" status="PASS">
          <reporter-output>
          </reporter-output>
        </test-method> <!-- description -->
        <test-method is-config="true" signature="beforeMethod()[pri:0, instance:tests.TestNG_GroupingAndDependency@2b0f373b]" started-at="2023-09-05T18:03:45 PDT" name="beforeMethod" finished-at="2023-09-05T18:03:45 PDT" duration-ms="0" status="PASS">
          <reporter-output>
          </reporter-output>
        </test-method> <!-- beforeMethod -->
        <test-method is-config="true" signature="afterMethod()[pri:0, instance:tests.TestNG_GroupingAndDependency@2b0f373b]" started-at="2023-09-05T18:03:45 PDT" name="afterMethod" finished-at="2023-09-05T18:03:45 PDT" duration-ms="0" status="PASS">
          <reporter-output>
          </reporter-output>
        </test-method> <!-- afterMethod -->
        <test-method is-config="true" signature="beforeMethod()[pri:0, instance:tests.TestNG_GroupingAndDependency@2b0f373b]" started-at="2023-09-05T18:04:43 PDT" name="beforeMethod" finished-at="2023-09-05T18:04:43 PDT" duration-ms="0" status="PASS">
          <reporter-output>
          </reporter-output>
        </test-method> <!-- beforeMethod -->
        <test-method signature="runTestMultipleTimes()[pri:0, instance:tests.TestNG_GroupingAndDependency@2b0f373b]" started-at="2023-09-05T18:04:43 PDT" name="runTestMultipleTimes" finished-at="2023-09-05T18:04:43 PDT" duration-ms="1" status="PASS">
          <reporter-output>
          </reporter-output>
        </test-method> <!-- runTestMultipleTimes -->
        <test-method is-config="true" signature="afterMethod()[pri:0, instance:tests.TestNG_GroupingAndDependency@2b0f373b]" started-at="2023-09-05T18:04:43 PDT" name="afterMethod" finished-at="2023-09-05T18:04:43 PDT" duration-ms="0" status="PASS">
          <reporter-output>
          </reporter-output>
        </test-method> <!-- afterMethod -->
        <test-method signature="runTestMultipleTimes()[pri:0, instance:tests.TestNG_GroupingAndDependency@2b0f373b]" started-at="2023-09-05T18:04:43 PDT" name="runTestMultipleTimes" finished-at="2023-09-05T18:04:43 PDT" duration-ms="1" status="PASS">
          <reporter-output>
          </reporter-output>
        </test-method> <!-- runTestMultipleTimes -->
        <test-method is-config="true" signature="beforeMethod()[pri:0, instance:tests.TestNG_GroupingAndDependency@2b0f373b]" started-at="2023-09-05T18:04:43 PDT" name="beforeMethod" finished-at="2023-09-05T18:04:43 PDT" duration-ms="0" status="PASS">
          <reporter-output>
          </reporter-output>
        </test-method> <!-- beforeMethod -->
        <test-method is-config="true" signature="afterMethod()[pri:0, instance:tests.TestNG_GroupingAndDependency@2b0f373b]" started-at="2023-09-05T18:04:43 PDT" name="afterMethod" finished-at="2023-09-05T18:04:43 PDT" duration-ms="1" status="PASS">
          <reporter-output>
          </reporter-output>
        </test-method> <!-- afterMethod -->
        <test-method signature="test()[pri:0, instance:tests.TestNG_GroupingAndDependency@2b0f373b]" started-at="2023-09-05T18:04:43 PDT" name="test" finished-at="2023-09-05T18:04:43 PDT" duration-ms="2" status="PASS">
          <reporter-output>
          </reporter-output>
        </test-method> <!-- test -->
        <test-method is-config="true" signature="beforeMethod()[pri:0, instance:tests.TestNG_GroupingAndDependency@2b0f373b]" started-at="2023-09-05T18:04:43 PDT" name="beforeMethod" finished-at="2023-09-05T18:04:43 PDT" duration-ms="0" status="PASS">
          <reporter-output>
          </reporter-output>
        </test-method> <!-- beforeMethod -->
        <test-method is-config="true" signature="afterMethod()[pri:0, instance:tests.TestNG_GroupingAndDependency@2b0f373b]" started-at="2023-09-05T18:04:43 PDT" name="afterMethod" finished-at="2023-09-05T18:04:43 PDT" duration-ms="0" status="PASS">
          <reporter-output>
          </reporter-output>
        </test-method> <!-- afterMethod -->
        <test-method signature="test1()[pri:0, instance:tests.TestNG_GroupingAndDependency@2b0f373b]" started-at="2023-09-05T18:04:43 PDT" name="test1" finished-at="2023-09-05T18:04:43 PDT" duration-ms="1" status="PASS">
          <reporter-output>
          </reporter-output>
        </test-method> <!-- test1 -->
        <test-method is-config="true" signature="beforeMethod()[pri:0, instance:tests.TestNG_GroupingAndDependency@2b0f373b]" started-at="2023-09-05T18:04:43 PDT" name="beforeMethod" finished-at="2023-09-05T18:04:43 PDT" duration-ms="0" status="PASS">
          <reporter-output>
          </reporter-output>
        </test-method> <!-- beforeMethod -->
        <test-method is-config="true" signature="afterMethod()[pri:0, instance:tests.TestNG_GroupingAndDependency@2b0f373b]" started-at="2023-09-05T18:04:43 PDT" name="afterMethod" finished-at="2023-09-05T18:04:43 PDT" duration-ms="1" status="PASS">
          <reporter-output>
          </reporter-output>
        </test-method> <!-- afterMethod -->
        <test-method signature="test2()[pri:0, instance:tests.TestNG_GroupingAndDependency@2b0f373b]" started-at="2023-09-05T18:04:43 PDT" name="test2" finished-at="2023-09-05T18:04:43 PDT" duration-ms="1" status="PASS">
          <reporter-output>
          </reporter-output>
        </test-method> <!-- test2 -->
        <test-method is-config="true" signature="beforeMethod()[pri:0, instance:tests.TestNG_GroupingAndDependency@2b0f373b]" started-at="2023-09-05T18:04:43 PDT" name="beforeMethod" finished-at="2023-09-05T18:04:43 PDT" duration-ms="0" status="PASS">
          <reporter-output>
          </reporter-output>
        </test-method> <!-- beforeMethod -->
        <test-method is-config="true" signature="afterMethod()[pri:0, instance:tests.TestNG_GroupingAndDependency@2b0f373b]" started-at="2023-09-05T18:04:43 PDT" name="afterMethod" finished-at="2023-09-05T18:04:43 PDT" duration-ms="1" status="PASS">
          <reporter-output>
          </reporter-output>
        </test-method> <!-- afterMethod -->
        <test-method is-config="true" signature="beforeMethod()[pri:0, instance:tests.TestNG_GroupingAndDependency@2b0f373b]" started-at="2023-09-05T18:04:43 PDT" name="beforeMethod" finished-at="2023-09-05T18:04:43 PDT" duration-ms="4" status="PASS">
          <reporter-output>
          </reporter-output>
        </test-method> <!-- beforeMethod -->
        <test-method signature="test4()[pri:0, instance:tests.TestNG_GroupingAndDependency@2b0f373b]" started-at="2023-09-05T18:04:43 PDT" name="test4" finished-at="2023-09-05T18:04:43 PDT" duration-ms="1" status="PASS">
          <reporter-output>
          </reporter-output>
        </test-method> <!-- test4 -->
        <test-method is-config="true" signature="afterMethod()[pri:0, instance:tests.TestNG_GroupingAndDependency@2b0f373b]" started-at="2023-09-05T18:04:43 PDT" name="afterMethod" finished-at="2023-09-05T18:04:43 PDT" duration-ms="0" status="PASS">
          <reporter-output>
          </reporter-output>
        </test-method> <!-- afterMethod -->
        <test-method is-config="true" signature="beforeMethod()[pri:0, instance:tests.TestNG_GroupingAndDependency@2b0f373b]" started-at="2023-09-05T18:04:43 PDT" name="beforeMethod" finished-at="2023-09-05T18:04:43 PDT" duration-ms="1" status="PASS">
          <reporter-output>
          </reporter-output>
        </test-method> <!-- beforeMethod -->
        <test-method signature="test5()[pri:0, instance:tests.TestNG_GroupingAndDependency@2b0f373b]" started-at="2023-09-05T18:04:43 PDT" name="test5" depends-on-groups="regression" finished-at="2023-09-05T18:04:43 PDT" duration-ms="1" status="PASS">
          <reporter-output>
          </reporter-output>
        </test-method> <!-- test5 -->
        <test-method is-config="true" signature="afterMethod()[pri:0, instance:tests.TestNG_GroupingAndDependency@2b0f373b]" started-at="2023-09-05T18:04:43 PDT" name="afterMethod" finished-at="2023-09-05T18:04:43 PDT" duration-ms="1" status="PASS">
          <reporter-output>
          </reporter-output>
        </test-method> <!-- afterMethod -->
        <test-method is-config="true" signature="afterClass()[pri:0, instance:tests.TestNG_GroupingAndDependency@2b0f373b]" started-at="2023-09-05T18:04:43 PDT" name="afterClass" finished-at="2023-09-05T18:04:43 PDT" duration-ms="1" status="PASS">
          <reporter-output>
          </reporter-output>
        </test-method> <!-- afterClass -->
        <test-method is-config="true" signature="afterTest()[pri:0, instance:tests.TestNG_GroupingAndDependency@2b0f373b]" started-at="2023-09-05T18:04:44 PDT" name="afterTest" finished-at="2023-09-05T18:04:44 PDT" duration-ms="0" status="SKIP">
          <reporter-output>
          </reporter-output>
        </test-method> <!-- afterTest -->
        <test-method is-config="true" signature="gracefulTearDown()[pri:0, instance:tests.TestNG_GroupingAndDependency@2b0f373b]" started-at="2023-09-05T18:04:44 PDT" name="gracefulTearDown" finished-at="2023-09-05T18:04:44 PDT" duration-ms="0" status="SKIP">
          <reporter-output>
          </reporter-output>
        </test-method> <!-- gracefulTearDown -->
        <test-method is-config="true" signature="afterSuite()[pri:0, instance:tests.TestNG_GroupingAndDependency@2b0f373b]" started-at="2023-09-05T18:04:44 PDT" name="afterSuite" finished-at="2023-09-05T18:04:44 PDT" duration-ms="0" status="SKIP">
          <reporter-output>
          </reporter-output>
        </test-method> <!-- afterSuite -->
      </class> <!-- tests.TestNG_GroupingAndDependency -->
      <class name="tests.TestNG_Features">
        <test-method is-config="true" signature="beforeSuite()[pri:0, instance:tests.TestNG_Features@57ea113a]" started-at="2023-09-05T18:03:27 PDT" name="beforeSuite" finished-at="2023-09-05T18:03:27 PDT" duration-ms="1" status="PASS">
          <reporter-output>
          </reporter-output>
        </test-method> <!-- beforeSuite -->
        <test-method is-config="true" signature="beforTest()[pri:0, instance:tests.TestNG_Features@57ea113a]" started-at="2023-09-05T18:03:45 PDT" name="beforTest" finished-at="2023-09-05T18:03:45 PDT" duration-ms="1" status="PASS">
          <reporter-output>
          </reporter-output>
        </test-method> <!-- beforTest -->
        <test-method is-config="true" signature="user_is_on_test_environment_page()[pri:0, instance:tests.TestNG_Features@57ea113a]" started-at="2023-09-05T18:03:45 PDT" name="user_is_on_test_environment_page" finished-at="2023-09-05T18:03:45 PDT" duration-ms="1" status="PASS">
          <reporter-output>
          </reporter-output>
        </test-method> <!-- user_is_on_test_environment_page -->
        <test-method is-config="true" signature="beforeClass()[pri:0, instance:tests.TestNG_Features@57ea113a]" started-at="2023-09-05T18:03:45 PDT" name="beforeClass" finished-at="2023-09-05T18:03:45 PDT" duration-ms="1" status="PASS">
          <reporter-output>
          </reporter-output>
        </test-method> <!-- beforeClass -->
        <test-method is-config="true" signature="beforeMethod()[pri:0, instance:tests.TestNG_Features@57ea113a]" started-at="2023-09-05T18:03:45 PDT" name="beforeMethod" finished-at="2023-09-05T18:03:45 PDT" duration-ms="1" status="PASS">
          <reporter-output>
          </reporter-output>
        </test-method> <!-- beforeMethod -->
        <test-method signature="runTestMultipleTimes()[pri:-1, instance:tests.TestNG_Features@57ea113a]" started-at="2023-09-05T18:03:45 PDT" name="runTestMultipleTimes" finished-at="2023-09-05T18:03:45 PDT" duration-ms="2" status="PASS">
          <reporter-output>
          </reporter-output>
        </test-method> <!-- runTestMultipleTimes -->
        <test-method is-config="true" signature="afterMethod()[pri:0, instance:tests.TestNG_Features@57ea113a]" started-at="2023-09-05T18:03:45 PDT" name="afterMethod" finished-at="2023-09-05T18:03:45 PDT" duration-ms="1" status="PASS">
          <reporter-output>
          </reporter-output>
        </test-method> <!-- afterMethod -->
        <test-method is-config="true" signature="beforeMethod()[pri:0, instance:tests.TestNG_Features@57ea113a]" started-at="2023-09-05T18:03:45 PDT" name="beforeMethod" finished-at="2023-09-05T18:03:45 PDT" duration-ms="0" status="PASS">
          <reporter-output>
          </reporter-output>
        </test-method> <!-- beforeMethod -->
        <test-method signature="runTestMultipleTimes()[pri:-1, instance:tests.TestNG_Features@57ea113a]" started-at="2023-09-05T18:03:45 PDT" name="runTestMultipleTimes" finished-at="2023-09-05T18:03:45 PDT" duration-ms="4" status="PASS">
          <reporter-output>
          </reporter-output>
        </test-method> <!-- runTestMultipleTimes -->
        <test-method is-config="true" signature="afterMethod()[pri:0, instance:tests.TestNG_Features@57ea113a]" started-at="2023-09-05T18:03:45 PDT" name="afterMethod" finished-at="2023-09-05T18:03:45 PDT" duration-ms="0" status="PASS">
          <reporter-output>
          </reporter-output>
        </test-method> <!-- afterMethod -->
        <test-method is-config="true" signature="beforeMethod()[pri:0, instance:tests.TestNG_Features@57ea113a]" started-at="2023-09-05T18:03:45 PDT" name="beforeMethod" finished-at="2023-09-05T18:03:45 PDT" duration-ms="1" status="PASS">
          <reporter-output>
          </reporter-output>
        </test-method> <!-- beforeMethod -->
        <test-method signature="description()[pri:0, instance:tests.TestNG_Features@57ea113a]" started-at="2023-09-05T18:03:45 PDT" name="description" description="it is not ready yet" finished-at="2023-09-05T18:03:45 PDT" duration-ms="1" status="PASS">
          <reporter-output>
          </reporter-output>
        </test-method> <!-- description -->
        <test-method is-config="true" signature="afterMethod()[pri:0, instance:tests.TestNG_Features@57ea113a]" started-at="2023-09-05T18:03:45 PDT" name="afterMethod" finished-at="2023-09-05T18:03:45 PDT" duration-ms="1" status="PASS">
          <reporter-output>
          </reporter-output>
        </test-method> <!-- afterMethod -->
        <test-method is-config="true" signature="beforeMethod()[pri:0, instance:tests.TestNG_Features@57ea113a]" started-at="2023-09-05T18:03:45 PDT" name="beforeMethod" finished-at="2023-09-05T18:03:45 PDT" duration-ms="3" status="PASS">
          <reporter-output>
          </reporter-output>
        </test-method> <!-- beforeMethod -->
        <test-method signature="dividedByZeroExample1()[pri:0, instance:tests.TestNG_Features@57ea113a]" started-at="2023-09-05T18:03:45 PDT" name="dividedByZeroExample1" finished-at="2023-09-05T18:03:45 PDT" duration-ms="1" status="PASS">
          <exception class="java.lang.ArithmeticException">
            <message>
              <![CDATA[/ by zero]]>
            </message>
            <full-stacktrace>
              <![CDATA[java.lang.ArithmeticException: / by zero
at tests.TestNG_Features.dividedByZeroExample1(TestNG_Features.java:114)
at java.base/jdk.internal.reflect.DirectMethodHandleAccessor.invoke(DirectMethodHandleAccessor.java:104)
at java.base/java.lang.reflect.Method.invoke(Method.java:578)
at org.testng.internal.invokers.MethodInvocationHelper.invokeMethod(MethodInvocationHelper.java:139)
at org.testng.internal.invokers.TestInvoker.invokeMethod(TestInvoker.java:664)
at org.testng.internal.invokers.TestInvoker.invokeTestMethod(TestInvoker.java:227)
at org.testng.internal.invokers.MethodRunner.runInSequence(MethodRunner.java:50)
at org.testng.internal.invokers.TestInvoker$MethodInvocationAgent.invoke(TestInvoker.java:957)
at org.testng.internal.invokers.TestInvoker.invokeTestMethods(TestInvoker.java:200)
at org.testng.internal.invokers.TestMethodWorker.invokeTestMethods(TestMethodWorker.java:148)
at org.testng.internal.invokers.TestMethodWorker.run(TestMethodWorker.java:128)
at java.base/java.util.ArrayList.forEach(ArrayList.java:1511)
at org.testng.TestRunner.privateRun(TestRunner.java:848)
at org.testng.TestRunner.run(TestRunner.java:621)
at org.testng.SuiteRunner.runTest(SuiteRunner.java:443)
at org.testng.SuiteRunner.runSequentially(SuiteRunner.java:437)
at org.testng.SuiteRunner.privateRun(SuiteRunner.java:397)
at org.testng.SuiteRunner.run(SuiteRunner.java:336)
at org.testng.SuiteRunnerWorker.runSuite(SuiteRunnerWorker.java:52)
at org.testng.SuiteRunnerWorker.run(SuiteRunnerWorker.java:95)
at org.testng.TestNG.runSuitesSequentially(TestNG.java:1280)
at org.testng.TestNG.runSuitesLocally(TestNG.java:1200)
at org.testng.TestNG.runSuites(TestNG.java:1114)
at org.testng.TestNG.run(TestNG.java:1082)
at org.apache.maven.surefire.testng.TestNGExecutor.run(TestNGExecutor.java:155)
at org.apache.maven.surefire.testng.TestNGDirectoryTestSuite.executeMulti(TestNGDirectoryTestSuite.java:169)
at org.apache.maven.surefire.testng.TestNGDirectoryTestSuite.execute(TestNGDirectoryTestSuite.java:88)
at org.apache.maven.surefire.testng.TestNGProvider.invoke(TestNGProvider.java:137)
at org.apache.maven.surefire.booter.ForkedBooter.runSuitesInProcess(ForkedBooter.java:385)
at org.apache.maven.surefire.booter.ForkedBooter.execute(ForkedBooter.java:162)
at org.apache.maven.surefire.booter.ForkedBooter.run(ForkedBooter.java:507)
at org.apache.maven.surefire.booter.ForkedBooter.main(ForkedBooter.java:495)
]]>
            </full-stacktrace>
          </exception> <!-- java.lang.ArithmeticException -->
          <reporter-output>
          </reporter-output>
        </test-method> <!-- dividedByZeroExample1 -->
        <test-method is-config="true" signature="afterMethod()[pri:0, instance:tests.TestNG_Features@57ea113a]" started-at="2023-09-05T18:03:45 PDT" name="afterMethod" finished-at="2023-09-05T18:03:45 PDT" duration-ms="1" status="PASS">
          <reporter-output>
          </reporter-output>
        </test-method> <!-- afterMethod -->
        <test-method is-config="true" signature="beforeMethod()[pri:0, instance:tests.TestNG_Features@57ea113a]" started-at="2023-09-05T18:03:45 PDT" name="beforeMethod" finished-at="2023-09-05T18:03:45 PDT" duration-ms="1" status="PASS">
          <reporter-output>
          </reporter-output>
        </test-method> <!-- beforeMethod -->
        <test-method signature="executetimeOut()[pri:0, instance:tests.TestNG_Features@57ea113a]" started-at="2023-09-05T18:03:45 PDT" name="executetimeOut" finished-at="2023-09-05T18:03:45 PDT" duration-ms="73" status="PASS">
          <reporter-output>
          </reporter-output>
        </test-method> <!-- executetimeOut -->
        <test-method is-config="true" signature="afterMethod()[pri:0, instance:tests.TestNG_Features@57ea113a]" started-at="2023-09-05T18:03:45 PDT" name="afterMethod" finished-at="2023-09-05T18:03:45 PDT" duration-ms="0" status="PASS">
          <reporter-output>
          </reporter-output>
        </test-method> <!-- afterMethod -->
        <test-method signature="test()[pri:0, instance:tests.TestNG_Features@57ea113a]" started-at="2023-09-05T18:04:43 PDT" name="test" finished-at="2023-09-05T18:04:43 PDT" duration-ms="1" status="PASS">
          <reporter-output>
          </reporter-output>
        </test-method> <!-- test -->
        <test-method is-config="true" signature="beforeMethod()[pri:0, instance:tests.TestNG_Features@57ea113a]" started-at="2023-09-05T18:04:43 PDT" name="beforeMethod" finished-at="2023-09-05T18:04:43 PDT" duration-ms="0" status="PASS">
          <reporter-output>
          </reporter-output>
        </test-method> <!-- beforeMethod -->
        <test-method is-config="true" signature="afterMethod()[pri:0, instance:tests.TestNG_Features@57ea113a]" started-at="2023-09-05T18:04:43 PDT" name="afterMethod" finished-at="2023-09-05T18:04:43 PDT" duration-ms="0" status="PASS">
          <reporter-output>
          </reporter-output>
        </test-method> <!-- afterMethod -->
        <test-method is-config="true" signature="beforeMethod()[pri:0, instance:tests.TestNG_Features@57ea113a]" started-at="2023-09-05T18:04:43 PDT" name="beforeMethod" finished-at="2023-09-05T18:04:43 PDT" duration-ms="1" status="PASS">
          <reporter-output>
          </reporter-output>
        </test-method> <!-- beforeMethod -->
        <test-method signature="testCaseSkipException()[pri:0, instance:tests.TestNG_Features@57ea113a]" started-at="2023-09-05T18:04:43 PDT" name="testCaseSkipException" finished-at="2023-09-05T18:04:43 PDT" duration-ms="2" status="SKIP">
          <exception class="org.testng.SkipException">
            <message>
              <![CDATA[Skipping this exception]]>
            </message>
            <full-stacktrace>
              <![CDATA[org.testng.SkipException: Skipping this exception
at tests.TestNG_Features.testCaseSkipException(TestNG_Features.java:119)
at java.base/jdk.internal.reflect.DirectMethodHandleAccessor.invoke(DirectMethodHandleAccessor.java:104)
at java.base/java.lang.reflect.Method.invoke(Method.java:578)
at org.testng.internal.invokers.MethodInvocationHelper.invokeMethod(MethodInvocationHelper.java:139)
at org.testng.internal.invokers.TestInvoker.invokeMethod(TestInvoker.java:664)
at org.testng.internal.invokers.TestInvoker.invokeTestMethod(TestInvoker.java:227)
at org.testng.internal.invokers.MethodRunner.runInSequence(MethodRunner.java:50)
at org.testng.internal.invokers.TestInvoker$MethodInvocationAgent.invoke(TestInvoker.java:957)
at org.testng.internal.invokers.TestInvoker.invokeTestMethods(TestInvoker.java:200)
at org.testng.internal.invokers.TestMethodWorker.invokeTestMethods(TestMethodWorker.java:148)
at org.testng.internal.invokers.TestMethodWorker.run(TestMethodWorker.java:128)
at java.base/java.util.ArrayList.forEach(ArrayList.java:1511)
at org.testng.TestRunner.privateRun(TestRunner.java:848)
at org.testng.TestRunner.run(TestRunner.java:621)
at org.testng.SuiteRunner.runTest(SuiteRunner.java:443)
at org.testng.SuiteRunner.runSequentially(SuiteRunner.java:437)
at org.testng.SuiteRunner.privateRun(SuiteRunner.java:397)
at org.testng.SuiteRunner.run(SuiteRunner.java:336)
at org.testng.SuiteRunnerWorker.runSuite(SuiteRunnerWorker.java:52)
at org.testng.SuiteRunnerWorker.run(SuiteRunnerWorker.java:95)
at org.testng.TestNG.runSuitesSequentially(TestNG.java:1280)
at org.testng.TestNG.runSuitesLocally(TestNG.java:1200)
at org.testng.TestNG.runSuites(TestNG.java:1114)
at org.testng.TestNG.run(TestNG.java:1082)
at org.apache.maven.surefire.testng.TestNGExecutor.run(TestNGExecutor.java:155)
at org.apache.maven.surefire.testng.TestNGDirectoryTestSuite.executeMulti(TestNGDirectoryTestSuite.java:169)
at org.apache.maven.surefire.testng.TestNGDirectoryTestSuite.execute(TestNGDirectoryTestSuite.java:88)
at org.apache.maven.surefire.testng.TestNGProvider.invoke(TestNGProvider.java:137)
at org.apache.maven.surefire.booter.ForkedBooter.runSuitesInProcess(ForkedBooter.java:385)
at org.apache.maven.surefire.booter.ForkedBooter.execute(ForkedBooter.java:162)
at org.apache.maven.surefire.booter.ForkedBooter.run(ForkedBooter.java:507)
at org.apache.maven.surefire.booter.ForkedBooter.main(ForkedBooter.java:495)
]]>
            </full-stacktrace>
          </exception> <!-- org.testng.SkipException -->
          <reporter-output>
          </reporter-output>
        </test-method> <!-- testCaseSkipException -->
        <test-method is-config="true" signature="afterMethod()[pri:0, instance:tests.TestNG_Features@57ea113a]" started-at="2023-09-05T18:04:43 PDT" name="afterMethod" finished-at="2023-09-05T18:04:43 PDT" duration-ms="1" status="PASS">
          <reporter-output>
          </reporter-output>
        </test-method> <!-- afterMethod -->
        <test-method is-config="true" signature="beforeMethod()[pri:0, instance:tests.TestNG_Features@57ea113a]" started-at="2023-09-05T18:04:43 PDT" name="beforeMethod" finished-at="2023-09-05T18:04:43 PDT" duration-ms="1" status="PASS">
          <reporter-output>
          </reporter-output>
        </test-method> <!-- beforeMethod -->
        <test-method signature="alwaysRun()[pri:1, instance:tests.TestNG_Features@57ea113a]" started-at="2023-09-05T18:04:43 PDT" name="alwaysRun" finished-at="2023-09-05T18:04:43 PDT" duration-ms="1" status="PASS">
          <reporter-output>
          </reporter-output>
        </test-method> <!-- alwaysRun -->
        <test-method is-config="true" signature="afterMethod()[pri:0, instance:tests.TestNG_Features@57ea113a]" started-at="2023-09-05T18:04:43 PDT" name="afterMethod" finished-at="2023-09-05T18:04:43 PDT" duration-ms="0" status="PASS">
          <reporter-output>
          </reporter-output>
        </test-method> <!-- afterMethod -->
        <test-method is-config="true" signature="beforeMethod()[pri:0, instance:tests.TestNG_Features@57ea113a]" started-at="2023-09-05T18:04:43 PDT" name="beforeMethod" finished-at="2023-09-05T18:04:43 PDT" duration-ms="1" status="PASS">
          <reporter-output>
          </reporter-output>
        </test-method> <!-- beforeMethod -->
        <test-method signature="smoke()[pri:2, instance:tests.TestNG_Features@57ea113a]" started-at="2023-09-05T18:04:43 PDT" name="smoke" finished-at="2023-09-05T18:04:43 PDT" duration-ms="1" status="PASS">
          <reporter-output>
          </reporter-output>
        </test-method> <!-- smoke -->
        <test-method is-config="true" signature="afterMethod()[pri:0, instance:tests.TestNG_Features@57ea113a]" started-at="2023-09-05T18:04:43 PDT" name="afterMethod" finished-at="2023-09-05T18:04:43 PDT" duration-ms="0" status="PASS">
          <reporter-output>
          </reporter-output>
        </test-method> <!-- afterMethod -->
        <test-method signature="integration()[pri:3, instance:tests.TestNG_Features@57ea113a]" started-at="2023-09-05T18:04:43 PDT" name="integration" finished-at="2023-09-05T18:04:43 PDT" duration-ms="3" status="PASS">
          <reporter-output>
          </reporter-output>
        </test-method> <!-- integration -->
        <test-method is-config="true" signature="beforeMethod()[pri:0, instance:tests.TestNG_Features@57ea113a]" started-at="2023-09-05T18:04:43 PDT" name="beforeMethod" finished-at="2023-09-05T18:04:43 PDT" duration-ms="0" status="PASS">
          <reporter-output>
          </reporter-output>
        </test-method> <!-- beforeMethod -->
        <test-method is-config="true" signature="afterMethod()[pri:0, instance:tests.TestNG_Features@57ea113a]" started-at="2023-09-05T18:04:43 PDT" name="afterMethod" finished-at="2023-09-05T18:04:43 PDT" duration-ms="1" status="PASS">
          <reporter-output>
          </reporter-output>
        </test-method> <!-- afterMethod -->
        <test-method is-config="true" signature="afterClass()[pri:0, instance:tests.TestNG_Features@57ea113a]" started-at="2023-09-05T18:04:43 PDT" name="afterClass" finished-at="2023-09-05T18:04:43 PDT" duration-ms="1" status="PASS">
          <reporter-output>
          </reporter-output>
        </test-method> <!-- afterClass -->
        <test-method is-config="true" signature="afterTest()[pri:0, instance:tests.TestNG_Features@57ea113a]" started-at="2023-09-05T18:04:44 PDT" name="afterTest" finished-at="2023-09-05T18:04:44 PDT" duration-ms="0" status="SKIP">
          <reporter-output>
          </reporter-output>
        </test-method> <!-- afterTest -->
        <test-method is-config="true" signature="gracefulTearDown()[pri:0, instance:tests.TestNG_Features@57ea113a]" started-at="2023-09-05T18:04:44 PDT" name="gracefulTearDown" finished-at="2023-09-05T18:04:44 PDT" duration-ms="0" status="SKIP">
          <reporter-output>
          </reporter-output>
        </test-method> <!-- gracefulTearDown -->
        <test-method is-config="true" signature="afterSuite()[pri:0, instance:tests.TestNG_Features@57ea113a]" started-at="2023-09-05T18:04:44 PDT" name="afterSuite" finished-at="2023-09-05T18:04:44 PDT" duration-ms="0" status="SKIP">
          <reporter-output>
          </reporter-output>
        </test-method> <!-- afterSuite -->
      </class> <!-- tests.TestNG_Features -->
      <class name="tests.RegistrationFormTest">
        <test-method is-config="true" signature="initializeWebDriver()[pri:0, instance:tests.RegistrationFormTest@54c62d71]" started-at="2023-09-05T18:03:39 PDT" name="initializeWebDriver" finished-at="2023-09-05T18:03:45 PDT" duration-ms="6234" status="PASS">
          <reporter-output>
          </reporter-output>
        </test-method> <!-- initializeWebDriver -->
        <test-method signature="registrationFormTest(java.lang.String,java.lang.String,java.lang.String,java.lang.String,java.lang.String,java.lang.String)[pri:0, instance:tests.RegistrationFormTest@54c62d71]" started-at="2023-09-05T18:03:51 PDT" name="registrationFormTest" data-provider="getTestData" finished-at="2023-09-05T18:04:39 PDT" duration-ms="48437" status="FAIL">
          <params>
            <param index="0">
              <value>
                <![CDATA[sayedw]]>
              </value>
            </param>
            <param index="1">
              <value>
                <![CDATA[sadatw]]>
              </value>
            </param>
            <param index="2">
              <value>
                <![CDATA[sayewd@gmail.com]]>
              </value>
            </param>
            <param index="3">
              <value>
                <![CDATA[11111.0]]>
              </value>
            </param>
            <param index="4">
              <value>
                <![CDATA[1123test]]>
              </value>
            </param>
            <param index="5">
              <value>
                <![CDATA[1123test]]>
              </value>
            </param>
          </params>
          <exception class="org.openqa.selenium.NoSuchElementException">
            <message>
              <![CDATA[no such element: Unable to locate element: {"method":"css selector","selector":"#input\-firstname"}
  (Session info: chrome=116.0.5845.141)
For documentation on this error, please visit: https://selenium.dev/exceptions/#no_such_element
Build info: version: '4.8.1', revision: '8ebccac989'
System info: os.name: 'Windows 10', os.arch: 'amd64', os.version: '10.0', java.version: '20.0.2'
Driver info: org.openqa.selenium.chrome.ChromeDriver
Command: [c75ac1be3f429746b433ee08a969ad5d, findElement {using=id, value=input-firstname}]
Capabilities {acceptInsecureCerts: false, browserName: chrome, browserVersion: 116.0.5845.141, chrome: {chromedriverVersion: 116.0.5845.96 (1a3918166880..., userDataDir: C:\Users\T540p\AppData\Loca...}, fedcm:accounts: true, goog:chromeOptions: {debuggerAddress: localhost:62327}, networkConnectionEnabled: false, pageLoadStrategy: normal, platformName: WINDOWS, proxy: Proxy(), se:cdp: ws://localhost:62327/devtoo..., se:cdpVersion: 116.0.5845.141, setWindowRect: true, strictFileInteractability: false, timeouts: {implicit: 0, pageLoad: 300000, script: 30000}, unhandledPromptBehavior: dismiss and notify, webauthn:extension:credBlob: true, webauthn:extension:largeBlob: true, webauthn:extension:minPinLength: true, webauthn:extension:prf: true, webauthn:virtualAuthenticators: true}
Session ID: c75ac1be3f429746b433ee08a969ad5d]]>
            </message>
            <full-stacktrace>
              <![CDATA[org.openqa.selenium.NoSuchElementException: no such element: Unable to locate element: {"method":"css selector","selector":"#input\-firstname"}
  (Session info: chrome=116.0.5845.141)
For documentation on this error, please visit: https://selenium.dev/exceptions/#no_such_element
Build info: version: '4.8.1', revision: '8ebccac989'
System info: os.name: 'Windows 10', os.arch: 'amd64', os.version: '10.0', java.version: '20.0.2'
Driver info: org.openqa.selenium.chrome.ChromeDriver
Command: [c75ac1be3f429746b433ee08a969ad5d, findElement {using=id, value=input-firstname}]
Capabilities {acceptInsecureCerts: false, browserName: chrome, browserVersion: 116.0.5845.141, chrome: {chromedriverVersion: 116.0.5845.96 (1a3918166880..., userDataDir: C:\Users\T540p\AppData\Loca...}, fedcm:accounts: true, goog:chromeOptions: {debuggerAddress: localhost:62327}, networkConnectionEnabled: false, pageLoadStrategy: normal, platformName: WINDOWS, proxy: Proxy(), se:cdp: ws://localhost:62327/devtoo..., se:cdpVersion: 116.0.5845.141, setWindowRect: true, strictFileInteractability: false, timeouts: {implicit: 0, pageLoad: 300000, script: 30000}, unhandledPromptBehavior: dismiss and notify, webauthn:extension:credBlob: true, webauthn:extension:largeBlob: true, webauthn:extension:minPinLength: true, webauthn:extension:prf: true, webauthn:virtualAuthenticators: true}
Session ID: c75ac1be3f429746b433ee08a969ad5d
at java.base/jdk.internal.reflect.DirectConstructorHandleAccessor.newInstance(DirectConstructorHandleAccessor.java:67)
at java.base/java.lang.reflect.Constructor.newInstanceWithCaller(Constructor.java:500)
at java.base/java.lang.reflect.Constructor.newInstance(Constructor.java:484)
at org.openqa.selenium.remote.codec.w3c.W3CHttpResponseCodec.createException(W3CHttpResponseCodec.java:200)
at org.openqa.selenium.remote.codec.w3c.W3CHttpResponseCodec.decode(W3CHttpResponseCodec.java:133)
at org.openqa.selenium.remote.codec.w3c.W3CHttpResponseCodec.decode(W3CHttpResponseCodec.java:53)
at org.openqa.selenium.remote.HttpCommandExecutor.execute(HttpCommandExecutor.java:184)
at org.openqa.selenium.remote.service.DriverCommandExecutor.invokeExecute(DriverCommandExecutor.java:167)
at org.openqa.selenium.remote.service.DriverCommandExecutor.execute(DriverCommandExecutor.java:142)
at org.openqa.selenium.remote.RemoteWebDriver.execute(RemoteWebDriver.java:541)
at org.openqa.selenium.remote.ElementLocation$ElementFinder$2.findElement(ElementLocation.java:162)
at org.openqa.selenium.remote.ElementLocation.findElement(ElementLocation.java:66)
at org.openqa.selenium.remote.RemoteWebDriver.findElement(RemoteWebDriver.java:365)
at org.openqa.selenium.remote.RemoteWebDriver.findElement(RemoteWebDriver.java:357)
at org.openqa.selenium.support.pagefactory.DefaultElementLocator.findElement(DefaultElementLocator.java:70)
at org.openqa.selenium.support.pagefactory.internal.LocatingElementHandler.invoke(LocatingElementHandler.java:39)
at jdk.proxy2/jdk.proxy2.$Proxy27.sendKeys(Unknown Source)
at pageObjects.RegistrationFormPageObjects.enterFirstName(RegistrationFormPageObjects.java:70)
at tests.RegistrationFormTest.registrationFormTest(RegistrationFormTest.java:32)
at java.base/jdk.internal.reflect.DirectMethodHandleAccessor.invoke(DirectMethodHandleAccessor.java:104)
at java.base/java.lang.reflect.Method.invoke(Method.java:578)
at org.testng.internal.invokers.MethodInvocationHelper.invokeMethod(MethodInvocationHelper.java:139)
at org.testng.internal.invokers.TestInvoker.invokeMethod(TestInvoker.java:664)
at org.testng.internal.invokers.TestInvoker.invokeTestMethod(TestInvoker.java:227)
at org.testng.internal.invokers.MethodRunner.runInSequence(MethodRunner.java:50)
at org.testng.internal.invokers.TestInvoker$MethodInvocationAgent.invoke(TestInvoker.java:957)
at org.testng.internal.invokers.TestInvoker.invokeTestMethods(TestInvoker.java:200)
at org.testng.internal.invokers.TestMethodWorker.invokeTestMethods(TestMethodWorker.java:148)
at org.testng.internal.invokers.TestMethodWorker.run(TestMethodWorker.java:128)
at java.base/java.util.ArrayList.forEach(ArrayList.java:1511)
at org.testng.TestRunner.privateRun(TestRunner.java:848)
at org.testng.TestRunner.run(TestRunner.java:621)
at org.testng.SuiteRunner.runTest(SuiteRunner.java:443)
at org.testng.SuiteRunner.runSequentially(SuiteRunner.java:437)
at org.testng.SuiteRunner.privateRun(SuiteRunner.java:397)
at org.testng.SuiteRunner.run(SuiteRunner.java:336)
at org.testng.SuiteRunnerWorker.runSuite(SuiteRunnerWorker.java:52)
at org.testng.SuiteRunnerWorker.run(SuiteRunnerWorker.java:95)
at org.testng.TestNG.runSuitesSequentially(TestNG.java:1280)
at org.testng.TestNG.runSuitesLocally(TestNG.java:1200)
at org.testng.TestNG.runSuites(TestNG.java:1114)
at org.testng.TestNG.run(TestNG.java:1082)
at org.apache.maven.surefire.testng.TestNGExecutor.run(TestNGExecutor.java:155)
at org.apache.maven.surefire.testng.TestNGDirectoryTestSuite.executeMulti(TestNGDirectoryTestSuite.java:169)
at org.apache.maven.surefire.testng.TestNGDirectoryTestSuite.execute(TestNGDirectoryTestSuite.java:88)
at org.apache.maven.surefire.testng.TestNGProvider.invoke(TestNGProvider.java:137)
at org.apache.maven.surefire.booter.ForkedBooter.runSuitesInProcess(ForkedBooter.java:385)
at org.apache.maven.surefire.booter.ForkedBooter.execute(ForkedBooter.java:162)
at org.apache.maven.surefire.booter.ForkedBooter.run(ForkedBooter.java:507)
at org.apache.maven.surefire.booter.ForkedBooter.main(ForkedBooter.java:495)
]]>
            </full-stacktrace>
          </exception> <!-- org.openqa.selenium.NoSuchElementException -->
          <reporter-output>
          </reporter-output>
        </test-method> <!-- registrationFormTest -->
        <test-method signature="registrationFormTest(java.lang.String,java.lang.String,java.lang.String,java.lang.String,java.lang.String,java.lang.String)[pri:0, instance:tests.RegistrationFormTest@54c62d71]" started-at="2023-09-05T18:04:39 PDT" name="registrationFormTest" data-provider="getTestData" finished-at="2023-09-05T18:04:43 PDT" duration-ms="4242" status="PASS">
          <params>
            <param index="0">
              <value>
                <![CDATA[tomy]]>
              </value>
            </param>
            <param index="1">
              <value>
                <![CDATA[tom]]>
              </value>
            </param>
            <param index="2">
              <value>
                <![CDATA[tom@gmail.com]]>
              </value>
            </param>
            <param index="3">
              <value>
                <![CDATA[44444.0]]>
              </value>
            </param>
            <param index="4">
              <value>
                <![CDATA[test44]]>
              </value>
            </param>
            <param index="5">
              <value>
                <![CDATA[test44]]>
              </value>
            </param>
          </params>
          <reporter-output>
          </reporter-output>
        </test-method> <!-- registrationFormTest -->
        <test-method is-config="true" signature="close()[pri:0, instance:tests.RegistrationFormTest@54c62d71]" started-at="2023-09-05T18:04:44 PDT" name="close" finished-at="2023-09-05T18:04:44 PDT" duration-ms="0" status="FAIL">
          <exception class="org.openqa.selenium.NoSuchSessionException">
            <message>
              <![CDATA[Session ID is null. Using WebDriver after calling quit()?
Build info: version: '4.8.1', revision: '8ebccac989'
System info: os.name: 'Windows 10', os.arch: 'amd64', os.version: '10.0', java.version: '20.0.2'
Driver info: org.openqa.selenium.chrome.ChromeDriver
Command: [null, close {}]
Capabilities {acceptInsecureCerts: false, browserName: chrome, browserVersion: 116.0.5845.141, chrome: {chromedriverVersion: 116.0.5845.96 (1a3918166880..., userDataDir: C:\Users\T540p\AppData\Loca...}, fedcm:accounts: true, goog:chromeOptions: {debuggerAddress: localhost:62327}, networkConnectionEnabled: false, pageLoadStrategy: normal, platformName: WINDOWS, proxy: Proxy(), se:cdp: ws://localhost:62327/devtoo..., se:cdpVersion: 116.0.5845.141, setWindowRect: true, strictFileInteractability: false, timeouts: {implicit: 0, pageLoad: 300000, script: 30000}, unhandledPromptBehavior: dismiss and notify, webauthn:extension:credBlob: true, webauthn:extension:largeBlob: true, webauthn:extension:minPinLength: true, webauthn:extension:prf: true, webauthn:virtualAuthenticators: true}]]>
            </message>
            <full-stacktrace>
              <![CDATA[org.openqa.selenium.NoSuchSessionException: Session ID is null. Using WebDriver after calling quit()?
Build info: version: '4.8.1', revision: '8ebccac989'
System info: os.name: 'Windows 10', os.arch: 'amd64', os.version: '10.0', java.version: '20.0.2'
Driver info: org.openqa.selenium.chrome.ChromeDriver
Command: [null, close {}]
Capabilities {acceptInsecureCerts: false, browserName: chrome, browserVersion: 116.0.5845.141, chrome: {chromedriverVersion: 116.0.5845.96 (1a3918166880..., userDataDir: C:\Users\T540p\AppData\Loca...}, fedcm:accounts: true, goog:chromeOptions: {debuggerAddress: localhost:62327}, networkConnectionEnabled: false, pageLoadStrategy: normal, platformName: WINDOWS, proxy: Proxy(), se:cdp: ws://localhost:62327/devtoo..., se:cdpVersion: 116.0.5845.141, setWindowRect: true, strictFileInteractability: false, timeouts: {implicit: 0, pageLoad: 300000, script: 30000}, unhandledPromptBehavior: dismiss and notify, webauthn:extension:credBlob: true, webauthn:extension:largeBlob: true, webauthn:extension:minPinLength: true, webauthn:extension:prf: true, webauthn:virtualAuthenticators: true}
at org.openqa.selenium.remote.HttpCommandExecutor.execute(HttpCommandExecutor.java:145)
at org.openqa.selenium.remote.service.DriverCommandExecutor.invokeExecute(DriverCommandExecutor.java:167)
at org.openqa.selenium.remote.service.DriverCommandExecutor.execute(DriverCommandExecutor.java:142)
at org.openqa.selenium.remote.RemoteWebDriver.execute(RemoteWebDriver.java:541)
at org.openqa.selenium.remote.RemoteWebDriver.execute(RemoteWebDriver.java:596)
at org.openqa.selenium.remote.RemoteWebDriver.execute(RemoteWebDriver.java:600)
at org.openqa.selenium.remote.RemoteWebDriver.close(RemoteWebDriver.java:432)
at core.BaseClass.tearDown(BaseClass.java:112)
at tests.RegistrationFormTest.close(RegistrationFormTest.java:54)
at java.base/jdk.internal.reflect.DirectMethodHandleAccessor.invoke(DirectMethodHandleAccessor.java:104)
at java.base/java.lang.reflect.Method.invoke(Method.java:578)
at org.testng.internal.invokers.MethodInvocationHelper.invokeMethod(MethodInvocationHelper.java:139)
at org.testng.internal.invokers.MethodInvocationHelper.invokeMethodConsideringTimeout(MethodInvocationHelper.java:69)
at org.testng.internal.invokers.ConfigInvoker.invokeConfigurationMethod(ConfigInvoker.java:390)
at org.testng.internal.invokers.ConfigInvoker.invokeConfigurations(ConfigInvoker.java:325)
at org.testng.TestRunner.invokeTestConfigurations(TestRunner.java:663)
at org.testng.TestRunner.afterRun(TestRunner.java:933)
at org.testng.TestRunner.run(TestRunner.java:624)
at org.testng.SuiteRunner.runTest(SuiteRunner.java:443)
at org.testng.SuiteRunner.runSequentially(SuiteRunner.java:437)
at org.testng.SuiteRunner.privateRun(SuiteRunner.java:397)
at org.testng.SuiteRunner.run(SuiteRunner.java:336)
at org.testng.SuiteRunnerWorker.runSuite(SuiteRunnerWorker.java:52)
at org.testng.SuiteRunnerWorker.run(SuiteRunnerWorker.java:95)
at org.testng.TestNG.runSuitesSequentially(TestNG.java:1280)
at org.testng.TestNG.runSuitesLocally(TestNG.java:1200)
at org.testng.TestNG.runSuites(TestNG.java:1114)
at org.testng.TestNG.run(TestNG.java:1082)
at org.apache.maven.surefire.testng.TestNGExecutor.run(TestNGExecutor.java:155)
at org.apache.maven.surefire.testng.TestNGDirectoryTestSuite.executeMulti(TestNGDirectoryTestSuite.java:169)
at org.apache.maven.surefire.testng.TestNGDirectoryTestSuite.execute(TestNGDirectoryTestSuite.java:88)
at org.apache.maven.surefire.testng.TestNGProvider.invoke(TestNGProvider.java:137)
at org.apache.maven.surefire.booter.ForkedBooter.runSuitesInProcess(ForkedBooter.java:385)
at org.apache.maven.surefire.booter.ForkedBooter.execute(ForkedBooter.java:162)
at org.apache.maven.surefire.booter.ForkedBooter.run(ForkedBooter.java:507)
at org.apache.maven.surefire.booter.ForkedBooter.main(ForkedBooter.java:495)
]]>
            </full-stacktrace>
          </exception> <!-- org.openqa.selenium.NoSuchSessionException -->
          <reporter-output>
          </reporter-output>
        </test-method> <!-- close -->
      </class> <!-- tests.RegistrationFormTest -->
      <class name="tests.DataProviderTest">
        <test-method is-config="true" signature="webdriverInitializer()[pri:0, instance:tests.DataProviderTest@6ad3381f]" started-at="2023-09-05T18:03:27 PDT" name="webdriverInitializer" finished-at="2023-09-05T18:03:31 PDT" duration-ms="3138" status="PASS">
          <reporter-output>
          </reporter-output>
        </test-method> <!-- webdriverInitializer -->
        <test-method signature="loginToWebPage(java.lang.String,java.lang.String)[pri:0, instance:tests.DataProviderTest@6ad3381f]" started-at="2023-09-05T18:03:49 PDT" name="loginToWebPage" data-provider="data" finished-at="2023-09-05T18:03:49 PDT" duration-ms="6" status="PASS">
          <params>
            <param index="0">
              <value>
                <![CDATA[user1]]>
              </value>
            </param>
            <param index="1">
              <value is-null="true"/>
            </param>
          </params>
          <reporter-output>
          </reporter-output>
        </test-method> <!-- loginToWebPage -->
        <test-method signature="loginToWebPage(java.lang.String,java.lang.String)[pri:0, instance:tests.DataProviderTest@6ad3381f]" started-at="2023-09-05T18:03:49 PDT" name="loginToWebPage" data-provider="data" finished-at="2023-09-05T18:03:49 PDT" duration-ms="0" status="PASS">
          <params>
            <param index="0">
              <value>
                <![CDATA[user2]]>
              </value>
            </param>
            <param index="1">
              <value>
                <![CDATA[pass2]]>
              </value>
            </param>
          </params>
          <reporter-output>
          </reporter-output>
        </test-method> <!-- loginToWebPage -->
        <test-method signature="loginToWebPage(java.lang.String,java.lang.String)[pri:0, instance:tests.DataProviderTest@6ad3381f]" started-at="2023-09-05T18:03:49 PDT" name="loginToWebPage" data-provider="data" finished-at="2023-09-05T18:03:49 PDT" duration-ms="0" status="PASS">
          <params>
            <param index="0">
              <value>
                <![CDATA[user3]]>
              </value>
            </param>
            <param index="1">
              <value>
                <![CDATA[pass3]]>
              </value>
            </param>
          </params>
          <reporter-output>
          </reporter-output>
        </test-method> <!-- loginToWebPage -->
        <test-method signature="loginToWebPage(java.lang.String,java.lang.String)[pri:0, instance:tests.DataProviderTest@6ad3381f]" started-at="2023-09-05T18:03:49 PDT" name="loginToWebPage" data-provider="data" finished-at="2023-09-05T18:03:49 PDT" duration-ms="0" status="PASS">
          <params>
            <param index="0">
              <value>
                <![CDATA[user4]]>
              </value>
            </param>
            <param index="1">
              <value>
                <![CDATA[pass4]]>
              </value>
            </param>
          </params>
          <reporter-output>
          </reporter-output>
        </test-method> <!-- loginToWebPage -->
        <test-method signature="test1(java.lang.String,java.lang.String,java.lang.String)[pri:0, instance:tests.DataProviderTest@6ad3381f]" started-at="2023-09-05T18:04:43 PDT" name="test1" data-provider="create" finished-at="2023-09-05T18:04:43 PDT" duration-ms="2" status="PASS">
          <params>
            <param index="0">
              <value>
                <![CDATA[username]]>
              </value>
            </param>
            <param index="1">
              <value>
                <![CDATA[password]]>
              </value>
            </param>
            <param index="2">
              <value>
                <![CDATA[test]]>
              </value>
            </param>
          </params>
          <reporter-output>
          </reporter-output>
        </test-method> <!-- test1 -->
        <test-method signature="test1(java.lang.String,java.lang.String,java.lang.String)[pri:0, instance:tests.DataProviderTest@6ad3381f]" started-at="2023-09-05T18:04:43 PDT" name="test1" data-provider="create" finished-at="2023-09-05T18:04:43 PDT" duration-ms="0" status="PASS">
          <params>
            <param index="0">
              <value>
                <![CDATA[username1]]>
              </value>
            </param>
            <param index="1">
              <value>
                <![CDATA[password1]]>
              </value>
            </param>
            <param index="2">
              <value>
                <![CDATA[test1]]>
              </value>
            </param>
          </params>
          <reporter-output>
          </reporter-output>
        </test-method> <!-- test1 -->
        <test-method signature="test1(java.lang.String,java.lang.String,java.lang.String)[pri:0, instance:tests.DataProviderTest@6ad3381f]" started-at="2023-09-05T18:04:43 PDT" name="test1" data-provider="create" finished-at="2023-09-05T18:04:43 PDT" duration-ms="1" status="PASS">
          <params>
            <param index="0">
              <value>
                <![CDATA[username2]]>
              </value>
            </param>
            <param index="1">
              <value>
                <![CDATA[password2]]>
              </value>
            </param>
            <param index="2">
              <value>
                <![CDATA[test2]]>
              </value>
            </param>
          </params>
          <reporter-output>
          </reporter-output>
        </test-method> <!-- test1 -->
        <test-method signature="test1(java.lang.String,java.lang.String,java.lang.String)[pri:0, instance:tests.DataProviderTest@6ad3381f]" started-at="2023-09-05T18:04:43 PDT" name="test1" data-provider="create" finished-at="2023-09-05T18:04:43 PDT" duration-ms="1" status="PASS">
          <params>
            <param index="0">
              <value>
                <![CDATA[username3]]>
              </value>
            </param>
            <param index="1">
              <value>
                <![CDATA[password3]]>
              </value>
            </param>
            <param index="2">
              <value>
                <![CDATA[test3]]>
              </value>
            </param>
          </params>
          <reporter-output>
          </reporter-output>
        </test-method> <!-- test1 -->
        <test-method is-config="true" signature="tearDwon()[pri:0, instance:tests.DataProviderTest@6ad3381f]" started-at="2023-09-05T18:04:43 PDT" name="tearDwon" finished-at="2023-09-05T18:04:44 PDT" duration-ms="149" status="PASS">
          <reporter-output>
          </reporter-output>
        </test-method> <!-- tearDwon -->
      </class> <!-- tests.DataProviderTest -->
    </test> <!-- Surefire test -->
  </suite> <!-- Surefire suite -->
</testng-results>
